<?xml version="1.0" encoding="UTF-8"?>
<!-- Generated by org.testng.reporters.JUnitReportReporter -->
<testsuite hostname="DESKTOP-TT08IV7" failures="0" tests="1" name="first.TestCase1" time="0.057" errors="0" timestamp="2022-08-16T16:17:18 IST" skipped="0">
  <testcase classname="first.TestCase1" name="display" time="0.057"/>
  <system-out/>
</testsuite> <!-- first.TestCase1 -->
