<?xml version="1.0" encoding="UTF-8"?>
<!-- Generated by org.testng.reporters.JUnitReportReporter -->
<testsuite hostname="DESKTOP-TT08IV7" failures="0" tests="1" name="first.TestCase2" time="0.002" errors="0" timestamp="2022-08-16T16:17:18 IST" skipped="0">
  <testcase classname="first.TestCase2" name="f" time="0.002"/>
  <system-out/>
</testsuite> <!-- first.TestCase2 -->
